0 info it worked if it ends with ok
1 verbose cli [ '/Users/jwaldron/code/node/transactionMonitoring/bin/node',
1 verbose cli   '/Users/jwaldron/code/node/transactionMonitoring/bin/npm',
1 verbose cli   'install',
1 verbose cli   'angular@1.3.15' ]
2 info using npm@1.4.9
3 info using node@v0.11.13
4 error Failed to parse json
4 error Unexpected string
5 error File: /Users/jwaldron/code/node/transactionMonitoring/package.json
6 error Failed to parse package.json data.
6 error package.json must be actual JSON, not just JavaScript.
6 error
6 error This is not a bug in npm.
6 error Tell the package author to fix their package.json file. JSON.parse
7 error System Darwin 14.3.0
8 error command "/Users/jwaldron/code/node/transactionMonitoring/bin/node" "/Users/jwaldron/code/node/transactionMonitoring/bin/npm" "install" "angular@1.3.15"
9 error cwd /Users/jwaldron/code/node/transactionMonitoring/src
10 error node -v v0.11.13
11 error npm -v 1.4.9
12 error file /Users/jwaldron/code/node/transactionMonitoring/package.json
13 error code EJSONPARSE
14 verbose exit [ 1, true ]
